[debug] [2022-08-16T21:16:07.554Z] ----------------------------------------------------------------------
[debug] [2022-08-16T21:16:07.559Z] Command:       C:\Program Files\nodejs\node.exe C:\Users\ok\AppData\Roaming\npm\node_modules\firebase-tools\lib\bin\firebase.js init
[debug] [2022-08-16T21:16:07.560Z] CLI Version:   11.4.2
[debug] [2022-08-16T21:16:07.561Z] Platform:      win32
[debug] [2022-08-16T21:16:07.561Z] Node Version:  v16.13.1
[debug] [2022-08-16T21:16:07.576Z] Time:          Tue Aug 16 2022 22:16:07 GMT+0100 (British Summer Time)
[debug] [2022-08-16T21:16:07.577Z] ----------------------------------------------------------------------
[debug] 
[debug] [2022-08-16T21:16:07.585Z] >>> [apiv2][query] GET https://firebase-public.firebaseio.com/cli.json [none]
[debug] [2022-08-16T21:16:07.769Z] > command requires scopes: ["email","openid","https://www.googleapis.com/auth/cloudplatformprojects.readonly","https://www.googleapis.com/auth/firebase","https://www.googleapis.com/auth/cloud-platform"]
[debug] [2022-08-16T21:16:07.769Z] > authorizing via signed-in user (parul.sain019@gmail.com)
[info] 
     ######## #### ########  ######## ########     ###     ######  ########
     ##        ##  ##     ## ##       ##     ##  ##   ##  ##       ##
     ######    ##  ########  ######   ########  #########  ######  ######
     ##        ##  ##    ##  ##       ##     ## ##     ##       ## ##
     ##       #### ##     ## ######## ########  ##     ##  ######  ########

You're about to initialize a Firebase project in this directory:

  C:\Users\ok\Desktop\Projects\instagram

Before we get started, keep in mind:

  * You are initializing within an existing Firebase project directory

[debug] [2022-08-16T21:16:08.490Z] <<< [apiv2][status] GET https://firebase-public.firebaseio.com/cli.json 200
[debug] [2022-08-16T21:16:08.491Z] <<< [apiv2][body] GET https://firebase-public.firebaseio.com/cli.json {"cloudBuildErrorAfter":1594252800000,"cloudBuildWarnAfter":1590019200000,"defaultNode10After":1594252800000,"minVersion":"3.0.5","node8DeploysDisabledAfter":1613390400000,"node8RuntimeDisabledAfter":1615809600000,"node8WarnAfter":1600128000000}
[info] 
=== Project Setup
[info] 
[info] First, let's associate this project directory with a Firebase project.
[info] You can create multiple project aliases by running firebase use --add, 
[info] but for now we'll just set up a default project.
[info] 
[debug] [2022-08-16T21:16:23.255Z] Using project from CLI flag: instagram-clone-33a1b
[debug] [2022-08-16T21:16:23.256Z] > refreshing access token with scopes: []
[debug] [2022-08-16T21:16:23.258Z] >>> [apiv2][query] POST https://www.googleapis.com/oauth2/v3/token [none]
[debug] [2022-08-16T21:16:23.258Z] >>> [apiv2][body] POST https://www.googleapis.com/oauth2/v3/token [omitted]
[debug] [2022-08-16T21:16:23.510Z] <<< [apiv2][status] POST https://www.googleapis.com/oauth2/v3/token 200
[debug] [2022-08-16T21:16:23.511Z] <<< [apiv2][body] POST https://www.googleapis.com/oauth2/v3/token [omitted]
[debug] [2022-08-16T21:16:23.537Z] >>> [apiv2][query] GET https://firebase.googleapis.com/v1beta1/projects/instagram-clone-33a1b [none]
[debug] [2022-08-16T21:16:24.249Z] <<< [apiv2][status] GET https://firebase.googleapis.com/v1beta1/projects/instagram-clone-33a1b 200
[debug] [2022-08-16T21:16:24.251Z] <<< [apiv2][body] GET https://firebase.googleapis.com/v1beta1/projects/instagram-clone-33a1b {"projectId":"instagram-clone-33a1b","projectNumber":"673765941954","displayName":"instagram-clone","name":"projects/instagram-clone-33a1b","resources":{"hostingSite":"instagram-clone-33a1b"},"state":"ACTIVE","etag":"1_8274f336-f2d8-4f87-92fb-59c0efe31270"}
[info] i  Using project instagram-clone-33a1b (instagram-clone) 
[info] 
=== Hosting Setup
[info] 
[info] Your public directory is the folder (relative to your project directory) that
[info] will contain Hosting assets to be uploaded with firebase deploy. If you
[info] have a build process for your assets, use your build's output directory.
[info] 
